<?xml version="1.0" encoding="UTF-8"?>
<testsuite name="ru.stqa.pft.addressbook.tests.ContactModificationTests" tests="1" skipped="0" failures="0" errors="0" timestamp="2017-07-17T10:47:15" hostname="user1-HP" time="15.602">
  <properties/>
  <testcase name="testGroupModification" classname="ru.stqa.pft.addressbook.tests.ContactModificationTests" time="15.602"/>
  <system-out><![CDATA[]]></system-out>
  <system-err><![CDATA[]]></system-err>
</testsuite>
